INFO:root:Collected post 1: 1b28xl4
INFO:root:Collected post 2: 1csbclz
INFO:root:Collected post 3: 18nuwub
INFO:root:Collected post 4: 1dkhrzq
INFO:root:Collected post 5: 1ea49qv
INFO:root:Collected post 6: 1cmt8d1
INFO:root:Collected post 7: syo0hl
INFO:root:Collected post 8: 1cgksl1
INFO:root:Collected post 9: 1aq7gd5
INFO:root:Collected post 10: 1assnpd
INFO:root:Collected post 11: 1e11v8u
INFO:root:Collected post 12: 1bbh7gz
INFO:root:Collected post 13: 13xfgv8
INFO:root:Collected post 14: 1dwp0ku
INFO:root:Collected post 15: 12o77vs
INFO:root:Collected post 16: mp81uq
ERROR:root:An error occurred: [Errno 2] No such file or directory: 'C:\\Users\\Dido\\Desktop\\Arabic-Text-Dataset-Benchmark\\r/Egypt_20240730_171629.json'
INFO:root:Collected post 1: 1b28xl4
INFO:root:Collected post 2: 1csbclz
INFO:root:Collected post 3: 18nuwub
INFO:root:Collected post 4: 1dkhrzq
INFO:root:Collected post 5: 1ea49qv
INFO:root:Collected post 6: 1cmt8d1
INFO:root:Collected post 7: syo0hl
INFO:root:Collected post 8: 1cgksl1
INFO:root:Collected post 9: 1aq7gd5
INFO:root:Collected post 10: 1assnpd
INFO:root:Collected post 11: 1e11v8u
INFO:root:Collected post 12: 1bbh7gz
INFO:root:Collected post 13: 13xfgv8
INFO:root:Collected post 14: 1dwp0ku
INFO:root:Collected post 15: 12o77vs
INFO:root:Collected post 16: mp81uq
ERROR:root:An error occurred: [Errno 2] No such file or directory: 'C:\\Users\\Dido\\Desktop\\Arabic-Text-Dataset-Benchmark\\r/Egypt_20240730_172606.json'
INFO:root:Collected post 1: 1b28xl4
INFO:root:Collected post 2: 1csbclz
INFO:root:Collected post 3: 18nuwub
INFO:root:Collected post 4: 1dkhrzq
INFO:root:Collected post 5: 1ea49qv
INFO:root:Collected post 6: 1cmt8d1
INFO:root:Collected post 7: syo0hl
INFO:root:Collected post 8: 1cgksl1
INFO:root:Collected post 9: 1aq7gd5
INFO:root:Collected post 10: 1assnpd
INFO:root:Collected post 11: 1e11v8u
INFO:root:Collected post 12: 1bbh7gz
INFO:root:Collected post 13: 13xfgv8
INFO:root:Collected post 14: 1dwp0ku
INFO:root:Collected post 15: 12o77vs
INFO:root:Collected post 16: mp81uq
INFO:root:Collected post 1: fpd3ul
INFO:root:Collected post 2: 195lr3x
INFO:root:Collected post 3: 1dl8y5r
INFO:root:Script ended.
INFO:root:Collected post 1: 1b28xl4
INFO:root:Collected post 2: 1csbclz
INFO:root:Collected post 3: 18nuwub
INFO:root:Collected post 4: 1dkhrzq
INFO:root:Collected post 5: 1ea49qv
INFO:root:Collected post 6: 1cmt8d1
INFO:root:Collected post 7: syo0hl
INFO:root:Collected post 8: 1cgksl1
INFO:root:Collected post 9: 1aq7gd5
INFO:root:Collected post 10: 1assnpd
INFO:root:Collected post 11: 1e11v8u
INFO:root:Collected post 12: 1bbh7gz
INFO:root:Collected post 13: 13xfgv8
INFO:root:Collected post 14: 1dwp0ku
INFO:root:Collected post 15: 12o77vs
INFO:root:Collected post 16: mp81uq
INFO:root:Collected post 17: fpd3ul
INFO:root:Collected post 18: 195lr3x
INFO:root:Collected post 19: 1dl8y5r
INFO:root:Collected post 20: 1cftjry
INFO:root:Collected post 21: u2blmg
INFO:root:Collected post 22: 18i5yym
INFO:root:Collected post 23: 13uo5pz
INFO:root:Collected post 24: nwsmi8
INFO:root:Collected post 25: kz7no9
INFO:root:Collected post 26: 1e32e0v
INFO:root:Collected post 27: d78kqu
INFO:root:Collected post 28: qnkrr1
INFO:root:Collected post 29: 17ttxt3
INFO:root:Collected post 30: nc69z8
INFO:root:Collected post 31: 194avbc
INFO:root:Collected post 32: lpuud9
INFO:root:Collected post 33: 1844sdi
INFO:root:Collected post 34: y5ea0d
INFO:root:Collected post 35: iqmqf7
INFO:root:Collected post 36: u15sh0
INFO:root:Collected post 37: 1e0m20e
INFO:root:Collected post 38: 1bxpqhi
INFO:root:Collected post 39: shbg10
INFO:root:Collected post 40: 1e3s1zb
INFO:root:Collected post 41: 1dttpdq
INFO:root:Collected post 42: 130opae
INFO:root:Script ended.
ERROR:root:An error occurred: ListingGenerator.__init__() got an unexpected keyword argument 'time_filter'
INFO:root:Collected post 1: 1efv1l4
INFO:root:Collected post 2: 1efuyj8
INFO:root:Collected post 3: 1efug19
INFO:root:Collected post 4: 1eftdvi
INFO:root:Collected post 5: 1efsr9z
INFO:root:Collected post 6: 1efsjpw
INFO:root:Collected post 7: 1efs4qt
INFO:root:Collected post 8: 1efrn7l
INFO:root:Collected post 9: 1efrdvu
INFO:root:Collected post 10: 1efqdhs
INFO:root:Collected post 11: 1efph9z
INFO:root:Collected post 12: 1efpes0
INFO:root:Collected post 13: 1efoocl
INFO:root:Collected post 14: 1efmxca
INFO:root:Collected post 15: 1efmjb8
INFO:root:Collected post 16: 1efj8wx
INFO:root:Collected post 17: 1efizal
INFO:root:Collected post 18: 1efi1af
INFO:root:Collected post 19: 1efhy9x
INFO:root:Collected post 20: 1efgow8
INFO:root:Collected post 21: 1efeysr
INFO:root:Collected post 22: 1efdz8f
INFO:root:Collected post 23: 1efcl3e
INFO:root:Collected post 24: 1efbr1e
INFO:root:Collected post 25: 1efa6v9
INFO:root:Collected post 26: 1ef95xy
INFO:root:Collected post 27: 1ef84bj
INFO:root:Collected post 28: 1ef7wi0
INFO:root:Collected post 29: 1ef7arv
INFO:root:Collected post 30: 1ef6paq
INFO:root:Collected post 31: 1ef67a4
INFO:root:Collected post 32: 1ef5nty
INFO:root:Collected post 33: 1ef4w0m
INFO:root:Collected post 34: 1ef4ja2
INFO:root:Collected post 35: 1ef3j0k
INFO:root:Collected post 36: 1ef3b6h
INFO:root:Collected post 37: 1ef1kut
INFO:root:Collected post 38: 1eezmak
INFO:root:Collected post 39: 1eew331
INFO:root:Collected post 40: 1eevxfs
INFO:root:Collected post 41: 1eevv62
INFO:root:Collected post 42: 1eevnnt
INFO:root:Collected post 43: 1eev0ho
INFO:root:Collected post 44: 1eeuzz4
INFO:root:Collected post 45: 1eeupd8
INFO:root:Collected post 46: 1eetsy8
INFO:root:Collected post 47: 1eeop85
INFO:root:Collected post 48: 1eeo5en
INFO:root:Collected post 49: 1eemqbg
INFO:root:Collected post 50: 1eeltwq
INFO:root:Collected post 51: 1eeks4m
INFO:root:Collected post 52: 1eek4i4
INFO:root:Collected post 53: 1eejz8w
INFO:root:Collected post 54: 1eejyj6
INFO:root:Collected post 55: 1eej6xx
INFO:root:Collected post 56: 1eei8dw
INFO:root:Collected post 57: 1eei197
INFO:root:Collected post 58: 1eehyxb
INFO:root:Collected post 59: 1eeh4ex
INFO:root:Collected post 60: 1eeh3rb
INFO:root:Collected post 61: 1eefl78
INFO:root:Collected post 62: 1eeepds
INFO:root:Collected post 63: 1eeej2u
INFO:root:Collected post 64: 1eeddy9
INFO:root:Collected post 65: 1ee8xlf
INFO:root:Collected post 66: 1ee8flv
INFO:root:Collected post 67: 1ee6k71
INFO:root:Collected post 68: 1ee62ym
INFO:root:Collected post 69: 1ee5iw5
INFO:root:Collected post 70: 1ee5ezf
INFO:root:Collected post 71: 1ee55yj
INFO:root:Collected post 72: 1ee543x
INFO:root:Collected post 73: 1ee3xby
INFO:root:Collected post 74: 1ee3b96
INFO:root:Collected post 75: 1ee34m4
INFO:root:Collected post 76: 1ee2y5o
INFO:root:Collected post 77: 1ee29bk
INFO:root:Collected post 78: 1ee0wwu
INFO:root:Collected post 79: 1ee0rkd
INFO:root:Collected post 80: 1ee0nyg
INFO:root:Collected post 81: 1edyk9n
INFO:root:Collected post 82: 1edwc45
INFO:root:Collected post 83: 1edw6y7
INFO:root:Collected post 84: 1edv28x
INFO:root:Collected post 85: 1edtl95
INFO:root:Collected post 86: 1edswhw
INFO:root:Collected post 87: 1edsoe2
INFO:root:Collected post 88: 1eds4zk
INFO:root:Collected post 89: 1edrrqe
INFO:root:Collected post 90: 1edr621
INFO:root:Collected post 91: 1edq9mm
INFO:root:Collected post 92: 1edpzid
INFO:root:Collected post 93: 1edpjsz
INFO:root:Collected post 94: 1edllo0
INFO:root:Collected post 95: 1edl9ik
INFO:root:Collected post 96: 1edifgi
INFO:root:Collected post 97: 1edhcix
INFO:root:Collected post 98: 1edha6m
INFO:root:Collected post 99: 1edg8n9
INFO:root:Collected post 100: 1edfrtp
INFO:root:Collected post 101: 1edd84n
INFO:root:Collected post 102: 1edc6x9
INFO:root:Collected post 103: 1ed935n
INFO:root:Collected post 104: 1ed8iob
INFO:root:Collected post 105: 1ed8igv
INFO:root:Collected post 106: 1ed7kcx
INFO:root:Collected post 107: 1ed5x63
INFO:root:Collected post 108: 1ed2z7d
INFO:root:Collected post 109: 1eczq1v
INFO:root:Collected post 110: 1ecxryf
INFO:root:Collected post 111: 1ecxpuq
INFO:root:Collected post 112: 1ecwfu6
INFO:root:Collected post 113: 1ecvy2f
INFO:root:Collected post 114: 1ect9ff
INFO:root:Collected post 115: 1ecsibs
INFO:root:Collected post 116: 1ecs6qb
INFO:root:Collected post 117: 1ecovos
INFO:root:Collected post 118: 1ecod55
INFO:root:Collected post 119: 1ecoc7z
INFO:root:Collected post 120: 1ecobzg
INFO:root:Collected post 121: 1ecnww3
INFO:root:Collected post 122: 1ech02l
INFO:root:Collected post 123: 1ecmgna
INFO:root:Collected post 124: 1ecls0o
INFO:root:Collected post 125: 1eckr4u
INFO:root:Collected post 126: 1eckq7x
INFO:root:Collected post 127: 1eckckq
INFO:root:Collected post 128: 1eck1xr
INFO:root:Collected post 129: 1ecjk40
INFO:root:Collected post 130: 1ecjhjl
INFO:root:Collected post 131: 1ecjc8c
INFO:root:Collected post 132: 1eci3g1
INFO:root:Collected post 133: 1ecfa9w
INFO:root:Collected post 134: 1ecdl5w
INFO:root:Collected post 135: 1ecdhpc
INFO:root:Collected post 136: 1eccol0
INFO:root:Collected post 137: 1ecb76f
INFO:root:Collected post 138: 1ec9tpd
INFO:root:Collected post 139: 1ec9oc8
WARNING:prawcore:Retrying due to 500 status: GET https://oauth.reddit.com/comments/1ec90va/
INFO:root:Collected post 140: 1ec90va
INFO:root:Collected post 141: 1ec90ca
INFO:root:Collected post 142: 1ec7lsb
INFO:root:Collected post 143: 1ec8hme
INFO:root:Collected post 144: 1ec8gwz
INFO:root:Collected post 145: 1ec7lb4
INFO:root:Collected post 146: 1ec6uv7
INFO:root:Collected post 147: 1ec609w
INFO:root:Collected post 148: 1ec5xh1
INFO:root:Collected post 149: 1ec5rum
INFO:root:Collected post 150: 1ec3ymc
INFO:root:Collected post 151: 1ec357h
INFO:root:Collected post 152: 1ec32e6
INFO:root:Collected post 153: 1ec2aty
INFO:root:Collected post 154: 1ec1ph7
INFO:root:Collected post 155: 1ebztn1
INFO:root:Collected post 156: 1ebz4gk
INFO:root:Collected post 157: 1ebyroc
INFO:root:Collected post 158: 1ebya6r
INFO:root:Collected post 159: 1ebxf5k
INFO:root:Collected post 160: 1ebwcjm
INFO:root:Collected post 161: 1ebw50e
INFO:root:Collected post 162: 1ebw2n5
INFO:root:Collected post 163: 1ebvgj6
INFO:root:Collected post 164: 1ebvg2p
INFO:root:Collected post 165: 1ebsw1s
INFO:root:Collected post 166: 1ebtn12
INFO:root:Collected post 167: 1ebswcb
INFO:root:Collected post 168: 1ebsgqd
INFO:root:Collected post 169: 1ebs98c
INFO:root:Collected post 170: 1ebrchc
INFO:root:Collected post 171: 1ebr28h
INFO:root:Collected post 172: 1ebox0d
INFO:root:Collected post 173: 1eblxl2
INFO:root:Collected post 174: 1eblxgg
INFO:root:Collected post 175: 1eble5f
INFO:root:Collected post 176: 1ebkyvt
INFO:root:Collected post 177: 1ebhnbt
INFO:root:Collected post 178: 1ebfxwe
INFO:root:Collected post 179: 1ebfbvi
INFO:root:Collected post 180: 1ebfb0w
INFO:root:Collected post 181: 1ebf7sz
INFO:root:Collected post 182: 1ebcr57
INFO:root:Collected post 183: 1ebbd0k
INFO:root:Collected post 184: 1eba4a5
INFO:root:Collected post 185: 1eb9n3v
INFO:root:Collected post 186: 1eb95eo
INFO:root:Collected post 187: 1eb89e9
INFO:root:Collected post 188: 1eb84pj
INFO:root:Collected post 189: 1eb6wpd
INFO:root:Collected post 190: 1eb64ha
INFO:root:Collected post 191: 1eb4v1v
INFO:root:Collected post 192: 1eb4ub3
INFO:root:Collected post 193: 1eb30bb
INFO:root:Collected post 194: 1eb2tex
INFO:root:Collected post 195: 1eb0rxq
INFO:root:Collected post 196: 1eazrhu
INFO:root:Collected post 197: 1eaz9qr
INFO:root:Collected post 198: 1eaz5st
INFO:root:Collected post 199: 1eayob7
INFO:root:Collected post 200: 1eax21r
INFO:root:Collected post 201: 1eawfr9
INFO:root:Collected post 202: 1eaw9ka
INFO:root:Collected post 203: 1eavj8o
INFO:root:Collected post 204: 1eaui8w
INFO:root:Collected post 205: 1eauau0
INFO:root:Collected post 206: 1eatwtk
INFO:root:Collected post 207: 1eama5q
INFO:root:Collected post 208: 1eam14d
INFO:root:Collected post 209: 1eajsqu
INFO:root:Collected post 210: 1eaicxr
INFO:root:Collected post 211: 1eagm1a
INFO:root:Collected post 212: 1eado58
INFO:root:Collected post 213: 1ead2rj
INFO:root:Collected post 214: 1eac8n6
INFO:root:Collected post 215: 1eablob
INFO:root:Collected post 216: 1eabeb6
INFO:root:Collected post 217: 1ea8ywv
INFO:root:Collected post 218: 1ea7y9m
INFO:root:Collected post 219: 1ea7wyc
INFO:root:Collected post 220: 1ea6v6m
INFO:root:Collected post 221: 1ea55zr
INFO:root:Collected post 222: 1ea51th
INFO:root:Collected post 223: 1ea49qv
INFO:root:Collected post 224: 1ea3w4e
INFO:root:Collected post 225: 1ea32oq
INFO:root:Collected post 226: 1ea307b
INFO:root:Collected post 227: 1ea2dgi
INFO:root:Collected post 228: 1ea291f
INFO:root:Collected post 229: 1ea1eii
INFO:root:Collected post 230: 1ea1abx
INFO:root:Collected post 231: 1ea0yua
INFO:root:Collected post 232: 1e9zb30
INFO:root:Collected post 233: 1e9y2yr
INFO:root:Collected post 234: 1e9xm0v
INFO:root:Collected post 235: 1e9w8js
INFO:root:Collected post 236: 1e9vuhz
INFO:root:Collected post 237: 1e9v502
INFO:root:Collected post 238: 1e9uii0
INFO:root:Collected post 239: 1e9ta2t
INFO:root:Collected post 240: 1e9smo1
INFO:root:Collected post 241: 1e9qxay
INFO:root:Collected post 242: 1e9qptf
INFO:root:Collected post 243: 1e9pw9o
INFO:root:Collected post 244: 1e9o4yt
INFO:root:Collected post 245: 1e9mh98
INFO:root:Collected post 246: 1e9kl91
INFO:root:Collected post 247: 1e9jooj
INFO:root:Collected post 248: 1e9iccg
INFO:root:Collected post 249: 1e9ea3k
INFO:root:Collected post 250: 1e9dg8z
INFO:root:Collected post 251: 1e9d8gn
INFO:root:Collected post 252: 1e9bts3
INFO:root:Collected post 253: 1e9aq1l
INFO:root:Collected post 254: 1e9adb5
INFO:root:Collected post 255: 1e99syq
INFO:root:Collected post 256: 1e99bzi
INFO:root:Collected post 257: 1e95fwa
INFO:root:Collected post 258: 1e93sdj
INFO:root:Collected post 259: 1e92ybr
INFO:root:Collected post 260: 1e92x57
INFO:root:Collected post 261: 1e92w01
INFO:root:Collected post 262: 1e913zd
INFO:root:Collected post 263: 1e8zvsv
INFO:root:Collected post 264: 1e8zirm
INFO:root:Collected post 265: 1e8z1gg
INFO:root:Collected post 266: 1e8yxz9
INFO:root:Collected post 267: 1e8yj9z
INFO:root:Collected post 268: 1e8x80n
INFO:root:Collected post 269: 1e8wupc
INFO:root:Collected post 270: 1e8wjh1
INFO:root:Collected post 271: 1e8wdrv
INFO:root:Collected post 272: 1e8ve57
INFO:root:Collected post 273: 1e8uzdg
INFO:root:Collected post 274: 1e8umac
INFO:root:Collected post 275: 1e8uffa
INFO:root:Collected post 276: 1e8s3wi
INFO:root:Collected post 277: 1e8rzbz
INFO:root:Collected post 278: 1e8p70v
INFO:root:Collected post 279: 1e8owya
INFO:root:Collected post 280: 1e8mdrj
INFO:root:Collected post 281: 1e8lhbk
INFO:root:Collected post 282: 1e8k69n
INFO:root:Collected post 283: 1e8k68q
INFO:root:Collected post 284: 1e8k2g4
INFO:root:Collected post 285: 1e8j0ii
INFO:root:Collected post 286: 1e8ihsl
INFO:root:Collected post 287: 1e8ie16
INFO:root:Collected post 288: 1e8hzwv
INFO:root:Collected post 289: 1e8hv2s
INFO:root:Collected post 290: 1e8h1h9
INFO:root:Collected post 291: 1e8gwu2
INFO:root:Collected post 292: 1e8fkal
INFO:root:Collected post 293: 1e8fjje
INFO:root:Collected post 294: 1e8ei36
INFO:root:Collected post 295: 1e8djj9
INFO:root:Collected post 296: 1e8bhj1
INFO:root:Collected post 297: 1e8b61m
INFO:root:Collected post 298: 1e88wvc
INFO:root:Collected post 299: 1e885xo
INFO:root:Collected post 300: 1e884nj
INFO:root:Collected post 301: 1e86rar
INFO:root:Collected post 302: 1e851yb
INFO:root:Collected post 303: 1e84pbo
INFO:root:Collected post 304: 1e83nvz
INFO:root:Collected post 305: 1e830dj
INFO:root:Collected post 306: 1e828jp
INFO:root:Collected post 307: 1e81lze
INFO:root:Collected post 308: 1e81jrl
INFO:root:Collected post 309: 1e7yxkr
INFO:root:Collected post 310: 1e7yc06
INFO:root:Collected post 311: 1e7yagh
INFO:root:Collected post 312: 1e7y3f8
INFO:root:Collected post 313: 1e7xkoe
INFO:root:Collected post 314: 1e7uem6
INFO:root:Collected post 315: 1e7twfh
INFO:root:Collected post 316: 1e7th6x
INFO:root:Collected post 317: 1e7s19q
INFO:root:Collected post 318: 1e7re2a
INFO:root:Collected post 319: 1e7r9w8
INFO:root:Collected post 320: 1e7pyls
INFO:root:Collected post 321: 1e7p9xm
INFO:root:Collected post 322: 1e7n9fy
INFO:root:Collected post 323: 1e7loza
INFO:root:Collected post 324: 1e7k440
INFO:root:Collected post 325: 1e7juai
INFO:root:Collected post 326: 1e7jc9q
INFO:root:Collected post 327: 1e7iysl
INFO:root:Collected post 328: 1e7gmkl
INFO:root:Collected post 329: 1e7fr5t
INFO:root:Collected post 330: 1e7foyh
INFO:root:Collected post 331: 1e7et8z
INFO:root:Collected post 332: 1e7e2gl
INFO:root:Collected post 333: 1e7cgg8
INFO:root:Collected post 334: 1e7bz73
INFO:root:Collected post 335: 1e7aych
INFO:root:Collected post 336: 1e78irr
INFO:root:Collected post 337: 1e77ue6
INFO:root:Collected post 338: 1e74yw8
INFO:root:Collected post 339: 1e74yoh
INFO:root:Collected post 340: 1e74ylk
INFO:root:Collected post 341: 1e74smy
INFO:root:Collected post 342: 1e74mtw
INFO:root:Collected post 343: 1e73sxd
INFO:root:Collected post 344: 1e72ttl
INFO:root:Collected post 345: 1e71etw
INFO:root:Collected post 346: 1e714h0
INFO:root:Collected post 347: 1e70y9m
INFO:root:Collected post 348: 1e703et
INFO:root:Collected post 349: 1e70302
INFO:root:Collected post 350: 1e6zw3m
INFO:root:Collected post 351: 1e6wber
INFO:root:Collected post 352: 1e6rzp5
INFO:root:Collected post 353: 1e6rnuq
INFO:root:Collected post 354: 1e6q6xe
INFO:root:Collected post 355: 1e6otuk
INFO:root:Collected post 356: 1e6m0ce
INFO:root:Collected post 357: 1e6itcf
INFO:root:Collected post 358: 1e6hvbb
INFO:root:Collected post 359: 1e6hm3l
INFO:root:Collected post 360: 1e6dgsm
INFO:root:Collected post 361: 1e6d9g4
INFO:root:Collected post 362: 1e6cnub
INFO:root:Collected post 363: 1e6cmt0
INFO:root:Collected post 364: 1e6acgd
INFO:root:Collected post 365: 1e69ucl
INFO:root:Collected post 366: 1e69827
INFO:root:Collected post 367: 1e67zjk
INFO:root:Collected post 368: 1e67q8w
INFO:root:Collected post 369: 1e66uik
INFO:root:Collected post 370: 1e66nky
INFO:root:Collected post 371: 1e65ylw
INFO:root:Collected post 372: 1e6440t
INFO:root:Collected post 373: 1e63g4f
INFO:root:Collected post 374: 1e62nbk
INFO:root:Collected post 375: 1e5xw94
INFO:root:Collected post 376: 1e5xupr
INFO:root:Collected post 377: 1e5v1my
INFO:root:Collected post 378: 1e5uk7h
INFO:root:Collected post 379: 1e5u6et
INFO:root:Collected post 380: 1e5sd34
INFO:root:Collected post 381: 1e5o04g
INFO:root:Collected post 382: 1e5nt4s
INFO:root:Collected post 383: 1e5kf4v
INFO:root:Collected post 384: 1e5jvxm
INFO:root:Collected post 385: 1e5iwwe
INFO:root:Collected post 386: 1e5h00a
INFO:root:Collected post 387: 1e5fvom
INFO:root:Collected post 388: 1e5eqsz
INFO:root:Collected post 389: 1e5eayo
INFO:root:Collected post 390: 1e5dz5n
INFO:root:Collected post 391: 1e5diic
INFO:root:Collected post 392: 1e5caww
INFO:root:Collected post 393: 1e5c311
INFO:root:Collected post 394: 1e58s7t
INFO:root:Collected post 395: 1e58i8a
INFO:root:Collected post 396: 1e58dz5
INFO:root:Collected post 397: 1e58blm
INFO:root:Collected post 398: 1e55ilq
INFO:root:Collected post 399: 1e52xzd
INFO:root:Collected post 400: 1e50niz
INFO:root:Collected post 401: 1e50mvt
INFO:root:Collected post 402: 1e50avl
INFO:root:Collected post 403: 1e5025d
INFO:root:Collected post 404: 1e4wotu
INFO:root:Collected post 405: 1e4wdhj
INFO:root:Collected post 406: 1e4wdhh
INFO:root:Collected post 407: 1e4w2am
INFO:root:Collected post 408: 1e4vps8
INFO:root:Collected post 409: 1e4us6d
INFO:root:Collected post 410: 1e4uktn
INFO:root:Collected post 411: 1e4u966
INFO:root:Collected post 412: 1e4tgx9
INFO:root:Collected post 413: 1e4rl09
INFO:root:Collected post 414: 1e4qo0b
INFO:root:Collected post 415: 1e4ol4z
INFO:root:Collected post 416: 1e4nex0
INFO:root:Collected post 417: 1e4n6lp
INFO:root:Collected post 418: 1e4l2l5
INFO:root:Collected post 419: 1e4jpga
INFO:root:Collected post 420: 1e4iuim
INFO:root:Collected post 421: 1e4hew9
INFO:root:Collected post 422: 1e4gpn7
INFO:root:Collected post 423: 1e4f3de
INFO:root:Collected post 424: 1e4ct3l
INFO:root:Collected post 425: 1e4clx1
INFO:root:Collected post 426: 1e4asjp
INFO:root:Collected post 427: 1e49umm
INFO:root:Collected post 428: 1e45w4t
INFO:root:Collected post 429: 1e454d9
INFO:root:Collected post 430: 1e44w6o
INFO:root:Collected post 431: 1e4454y
INFO:root:Collected post 432: 1e434rq
INFO:root:Collected post 433: 1e42eoc
INFO:root:Collected post 434: 1e41bmw
INFO:root:Collected post 435: 1e3y1oo
INFO:root:Collected post 436: 1e3sy09
INFO:root:Collected post 437: 1e3ssc6
INFO:root:Collected post 438: 1e3sqo9
INFO:root:Collected post 439: 1e3s1zb
INFO:root:Collected post 440: 1e3rj9k
INFO:root:Collected post 441: 1e3r68f
INFO:root:Collected post 442: 1e3qth1
INFO:root:Collected post 443: 1e3pb0z
INFO:root:Collected post 444: 1e3o89y
INFO:root:Collected post 445: 1e3njp9
INFO:root:Collected post 446: 1e3n2dz
INFO:root:Collected post 447: 1e3n02x
INFO:root:Collected post 448: 1e3jia6
INFO:root:Collected post 449: 1e3ggth
INFO:root:Collected post 450: 1e3cy2j
INFO:root:Collected post 451: 1e39o5k
INFO:root:Collected post 452: 1e39803
INFO:root:Collected post 453: 1e38hsk
INFO:root:Collected post 454: 1e37kgq
INFO:root:Collected post 455: 1e350ly
INFO:root:Collected post 456: 1e34vbj
INFO:root:Collected post 457: 1e34spz
INFO:root:Collected post 458: 1e34avz
INFO:root:Collected post 459: 1e33oll
INFO:root:Collected post 460: 1e33og3
INFO:root:Collected post 461: 1e32e0v
INFO:root:Collected post 462: 1e321t2
INFO:root:Collected post 463: 1e307bh
INFO:root:Collected post 464: 1e2zyv3
INFO:root:Collected post 465: 1e2z7ug
INFO:root:Collected post 466: 1e2ylwa
INFO:root:Collected post 467: 1e2y7xg
INFO:root:Collected post 468: 1e2y35b
INFO:root:Collected post 469: 1e2won7
INFO:root:Collected post 470: 1e2uyg5
INFO:root:Collected post 471: 1e2oh9p
INFO:root:Collected post 472: 1e2obno
INFO:root:Collected post 473: 1e2mlgg
INFO:root:Collected post 474: 1e2jvxv
INFO:root:Collected post 475: 1e2i7vm
INFO:root:Collected post 476: 1e2i04q
INFO:root:Collected post 477: 1e2hh4d
INFO:root:Collected post 478: 1e2ebxk
INFO:root:Collected post 479: 1e2e79y
INFO:root:Collected post 480: 1e2e1qb
INFO:root:Collected post 481: 1e2cg5o
INFO:root:Collected post 482: 1e2bq3l
INFO:root:Collected post 483: 1e2betw
INFO:root:Collected post 484: 1e2a96v
INFO:root:Collected post 485: 1e283p2
INFO:root:Collected post 486: 1e26ej1
INFO:root:Collected post 487: 1e25owp
INFO:root:Collected post 488: 1e24pb2
INFO:root:Collected post 489: 1e21zbg
INFO:root:Collected post 490: 1e21ylt
INFO:root:Collected post 491: 1e1zaw0
INFO:root:Collected post 492: 1e1yz9r
INFO:root:Collected post 493: 1e1ypbo
INFO:root:Collected post 494: 1e1xkw9
INFO:root:Collected post 495: 1e1wrau
INFO:root:Collected post 496: 1e1w898
INFO:root:Collected post 497: 1e1ury1
INFO:root:Collected post 498: 1e1uaea
INFO:root:Collected post 499: 1e1tdg2
INFO:root:Collected post 500: 1e1rl1y
INFO:root:Collected post 501: 1e1phh1
INFO:root:Collected post 502: 1e1oqd7
INFO:root:Collected post 503: 1e1m3t8
INFO:root:Collected post 504: 1e1lews
INFO:root:Collected post 505: 1e1kldq
INFO:root:Collected post 506: 1e1iln4
INFO:root:Collected post 507: 1e1ilb4
INFO:root:Collected post 508: 1e1i4ae
INFO:root:Collected post 509: 1e1hsie
INFO:root:Collected post 510: 1e1glgl
INFO:root:Collected post 511: 1e1g13i
INFO:root:Collected post 512: 1e1fzco
INFO:root:Collected post 513: 1e1fiva
INFO:root:Collected post 514: 1e1e6jt
INFO:root:Collected post 515: 1e1e4ve
INFO:root:Collected post 516: 1e1droy
INFO:root:Collected post 517: 1e1dmvg
INFO:root:Collected post 518: 1e1cwdm
INFO:root:Collected post 519: 1e1bj0z
INFO:root:Collected post 520: 1e18zj1
INFO:root:Collected post 521: 1e18qbi
INFO:root:Collected post 522: 1e14mij
INFO:root:Collected post 523: 1e14k91
INFO:root:Collected post 524: 1e14avb
INFO:root:Collected post 525: 1e12csk
INFO:root:Collected post 526: 1e11v8u
INFO:root:Collected post 527: 1e0xtdf
INFO:root:Collected post 528: 1e0x70x
INFO:root:Collected post 529: 1e0vbrx
INFO:root:Collected post 530: 1e0t3wx
INFO:root:Collected post 531: 1e0sp7m
INFO:root:Collected post 532: 1e0s3rw
INFO:root:Collected post 533: 1e0rqaq
INFO:root:Collected post 534: 1e0r91e
INFO:root:Collected post 535: 1e0pl3k
INFO:root:Collected post 536: 1e0p3yh
INFO:root:Collected post 537: 1e0p01i
INFO:root:Collected post 538: 1e0oyi7
INFO:root:Collected post 539: 1e0nrlt
INFO:root:Collected post 540: 1e0m20e
INFO:root:Collected post 541: 1e0linw
INFO:root:Collected post 542: 1e0jmta
INFO:root:Collected post 543: 1e0fqb8
INFO:root:Collected post 544: 1e0fmx1
INFO:root:Collected post 545: 1e0df1p
INFO:root:Collected post 546: 1e0d784
INFO:root:Collected post 547: 1e087vn
INFO:root:Collected post 548: 1e087af
INFO:root:Collected post 549: 1e054lc
INFO:root:Collected post 550: 1e039ks
INFO:root:Collected post 551: 1e02lgs
INFO:root:Collected post 552: 1e02kmg
INFO:root:Collected post 553: 1e02b8e
INFO:root:Collected post 554: 1e028gr
INFO:root:Collected post 555: 1e01cf7
INFO:root:Collected post 556: 1e00so8
INFO:root:Collected post 557: 1e0004a
INFO:root:Collected post 558: 1dzyer9
INFO:root:Collected post 559: 1dzxc0c
INFO:root:Collected post 560: 1dzwxin
INFO:root:Collected post 561: 1dzuqs2
INFO:root:Collected post 562: 1dzte9c
INFO:root:Collected post 563: 1dzrzjr
INFO:root:Collected post 564: 1dzqwh7
INFO:root:Collected post 565: 1dzquy9
INFO:root:Collected post 566: 1dzow3y
INFO:root:Collected post 567: 1dzn3i1
INFO:root:Collected post 568: 1dzmof1
INFO:root:Collected post 569: 1dzlc2x
INFO:root:Collected post 570: 1dzkdv5
INFO:root:Collected post 571: 1dzj6vv
INFO:root:Collected post 572: 1dzizir
INFO:root:Collected post 573: 1dzh5qw
INFO:root:Collected post 574: 1dzgrk7
INFO:root:Collected post 575: 1dzezz9
INFO:root:Collected post 576: 1dzcox9
INFO:root:Collected post 577: 1dzc0yp
INFO:root:Collected post 578: 1dzacjy
INFO:root:Collected post 579: 1dza91z
INFO:root:Collected post 580: 1dz8oyk
INFO:root:Collected post 581: 1dz7570
INFO:root:Collected post 582: 1dz6hpl
INFO:root:Collected post 583: 1dz69p9
INFO:root:Collected post 584: 1dz5a81
INFO:root:Collected post 585: 1dz55kw
INFO:root:Collected post 586: 1dz4ok6
INFO:root:Collected post 587: 1dz4am1
INFO:root:Collected post 588: 1dz3i8v
INFO:root:Collected post 589: 1dz3hbr
INFO:root:Collected post 590: 1dz39x1
INFO:root:Collected post 591: 1dz38la
INFO:root:Collected post 592: 1dz2n4b
INFO:root:Collected post 593: 1dz0u3d
INFO:root:Collected post 594: 1dz0qcb
INFO:root:Collected post 595: 1dz00hq
INFO:root:Collected post 596: 1dyz9bf
INFO:root:Collected post 597: 1dyz89c
INFO:root:Collected post 598: 1dyyqqv
INFO:root:Collected post 599: 1dyyiis
INFO:root:Collected post 600: 1dyygar
INFO:root:Collected post 601: 1dyxys7
INFO:root:Collected post 602: 1dyxs2y
INFO:root:Collected post 603: 1dytnm8
INFO:root:Collected post 604: 1dysdz4
INFO:root:Collected post 605: 1dys93t
INFO:root:Collected post 606: 1dyql9v
INFO:root:Collected post 607: 1dyou0q
INFO:root:Collected post 608: 1dyolt1
INFO:root:Collected post 609: 1dylxuc
INFO:root:Collected post 610: 1dykxzc
INFO:root:Collected post 611: 1dykihk
INFO:root:Collected post 612: 1dyh0n8
INFO:root:Collected post 613: 1dygg85
INFO:root:Collected post 614: 1dygbkt
INFO:root:Collected post 615: 1dygatb
INFO:root:Collected post 616: 1dyg55t
INFO:root:Collected post 617: 1dyg0f1
INFO:root:Collected post 618: 1dycxvo
INFO:root:Collected post 619: 1dycd74
INFO:root:Collected post 620: 1dybsdu
INFO:root:Collected post 621: 1dyar4c
INFO:root:Collected post 622: 1dya3yo
INFO:root:Collected post 623: 1dy9ygr
INFO:root:Collected post 624: 1dy7zms
INFO:root:Collected post 625: 1dy7ljv
INFO:root:Collected post 626: 1dy69a8
INFO:root:Collected post 627: 1dy625m
INFO:root:Collected post 628: 1dy5bwt
INFO:root:Collected post 629: 1dy58dm
INFO:root:Collected post 630: 1dy43y5
INFO:root:Collected post 631: 1dy3z8k
INFO:root:Collected post 632: 1dy2xka
INFO:root:Collected post 633: 1dy2iwr
INFO:root:Collected post 634: 1dxykhl
INFO:root:Collected post 635: 1dxyf4n
INFO:root:Collected post 636: 1dxwdd0
INFO:root:Collected post 637: 1dxvtnn
INFO:root:Collected post 638: 1dxuf3b
INFO:root:Collected post 639: 1dxt347
INFO:root:Collected post 640: 1dxrnw3
INFO:root:Collected post 641: 1dxrmk2
INFO:root:Collected post 642: 1dxrl7y
INFO:root:Collected post 643: 1dxqlz2
INFO:root:Collected post 644: 1dxqd87
INFO:root:Collected post 645: 1dxq43e
INFO:root:Collected post 646: 1dxq1d2
INFO:root:Collected post 647: 1dxpi8q
INFO:root:Collected post 648: 1dxovsb
INFO:root:Collected post 649: 1dxmzz2
INFO:root:Collected post 650: 1dxkjb1
INFO:root:Collected post 651: 1dxgw7l
INFO:root:Collected post 652: 1dxghn1
INFO:root:Collected post 653: 1dxge4n
INFO:root:Collected post 654: 1dxfo9m
INFO:root:Collected post 655: 1dxfhzj
INFO:root:Collected post 656: 1dxdx8w
INFO:root:Collected post 657: 1dx7xug
INFO:root:Collected post 658: 1dx4nf8
INFO:root:Collected post 659: 1dx3m2k
INFO:root:Collected post 660: 1dx2pj7
INFO:root:Collected post 661: 1dx2hj3
INFO:root:Collected post 662: 1dx1vmk
INFO:root:Collected post 663: 1dx1c4v
INFO:root:Collected post 664: 1dx11er
INFO:root:Collected post 665: 1dx10cv
INFO:root:Collected post 666: 1dwzylo
INFO:root:Collected post 667: 1dwzxk0
INFO:root:Collected post 668: 1dwywhg
INFO:root:Collected post 669: 1dwyln9
INFO:root:Collected post 670: 1dwy2ht
INFO:root:Collected post 671: 1dwwjz1
INFO:root:Collected post 672: 1dwvml8
INFO:root:Collected post 673: 1dwviiy
INFO:root:Collected post 674: 1dwuy7y
INFO:root:Collected post 675: 1efvgtx
INFO:root:Script ended.
ERROR:root:An error occurred: ListingGenerator.__init__() got an unexpected keyword argument 'continue_after'
ERROR:root:An error occurred: 'function' object has no attribute 'stream_generator'
INFO:root:Script ended. Last collected post ID: None
ERROR:root:An error occurred: ListingGenerator.__init__() got an unexpected keyword argument 'continue_after'
INFO:root:Script ended. Last collected post ID: None
INFO:root:Script ended. Last collected post ID: None
